
#### appendicitis: target 7, pool 69 ####
  [1/7] 24528064  2 steps
  [2/7] 28835469  1 steps
  [3/7] 28722849  2 steps
  [4/7] 21543797  1 steps
  [5/7] 28794864  2 steps
  [6/7] 29794234  3 steps
  [7/7] 27519893  1 steps

#### cholecystitis: target 8, pool 91 ####
  [1/8] 26169546  2 steps
  [2/8] 24360242  1 steps
  [3/8] 25290083  2 steps
  [4/8] 25217286  2 steps
  [5/8] 26758802  1 steps
  [6/8] 28812564  1 steps
  [7/8] 28137567  4 steps
  [8/8] 26586156  2 steps

#### diverticulitis: target 7, pool 33 ####
  [1/7] 24910158  2 steps
  [2/7] 24687449  1 steps
  [3/7] 22429578  2 steps
  [4/7] 21793374  2 steps
  [5/7] 25901037  1 steps
  [6/7] 29479584  2 steps
  [7/7] 28396688  1 steps

#### pancreatitis: target 8, pool 99 ####
  [1/8] 20418179  2 steps
  [2/8] 21639112  1 steps
  [3/8] 24091316  1 steps
  [4/8] 21238215  2 steps
  [5/8] 22535735  2 steps
  [6/8] 29898958  1 steps
  [7/8] 20720063  3 steps
  [8/8] 24449784  1 steps

DONE: 30 cases, 51 decision steps -> results/annotation_experiment/batch
