== cholecystitis 29573603 (deviation) : 6 decision steps ==
   step1 CT_Abdomen       dev=True  top=other         other=0.77 disagree=0.010 vind=confirmed
   step2 MRCP_Abdomen     dev=True  top=other         other=0.83 disagree=0.016 vind=confirmed
   step3 Ultrasound_Abdomen dev=False top=other         other=0.82 disagree=0.010 vind=uninformative
   step4 Ultrasound_Abdomen dev=False top=other         other=0.82 disagree=0.009 vind=disconfirmed
   step5 CT_Abdomen       dev=True  top=other         other=0.83 disagree=0.011 vind=confirmed
   step6 CT_Abdomen       dev=True  top=other         other=0.83 disagree=0.010 vind=disconfirmed
== cholecystitis 29060924 (non_deviation) : 2 decision steps ==
   step1 Ultrasound_Abdomen dev=False top=other         other=0.62 disagree=0.024 vind=disconfirmed
   step2 MRCP_Abdomen     dev=False top=other         other=0.83 disagree=0.006 vind=confirmed
== appendicitis 23202997 (deviation) : 4 decision steps ==
   step1 Ultrasound_Abdomen dev=True  top=cholecystitis other=0.28 disagree=0.010 vind=uninformative
   step2 CT_Abdomen       dev=True  top=appendicitis  other=0.25 disagree=0.000 vind=confirmed
   step3 CT_Abdomen       dev=True  top=appendicitis  other=0.12 disagree=0.011 vind=confirmed
   step4 CT_Abdomen       dev=True  top=appendicitis  other=0.25 disagree=0.130 vind=confirmed
== appendicitis 26877856 (non_deviation) : 2 decision steps ==
   step1 Ultrasound_Abdomen dev=False top=appendicitis  other=0.18 disagree=0.014 vind=confirmed
   step2 CT_Abdomen       dev=False top=appendicitis  other=0.26 disagree=0.005 vind=confirmed
== diverticulitis 26371704 (deviation) : 4 decision steps ==
   step1 CT_Abdomen       dev=True  top=diverticulitis other=0.38 disagree=0.000 vind=confirmed
   step2 CT_Abdomen       dev=True  top=diverticulitis other=0.21 disagree=0.008 vind=confirmed
   step3 Ultrasound_Abdomen dev=True  top=diverticulitis other=0.13 disagree=0.025 vind=uninformative
   step4 CT_Abdomen       dev=True  top=diverticulitis other=0.08 disagree=0.007 vind=confirmed
== diverticulitis 27675389 (non_deviation) : 3 decision steps ==
   step1 CT_Abdomen       dev=False top=diverticulitis other=0.26 disagree=0.012 vind=confirmed
   step2 CT_Abdomen       dev=False top=diverticulitis other=0.23 disagree=0.010 vind=confirmed
   step3 CT_Abdomen       dev=False top=diverticulitis other=0.25 disagree=0.014 vind=confirmed
== pancreatitis 21282967 (deviation) : 7 decision steps ==
   step1 Ultrasound_Abdomen dev=False top=other         other=0.45 disagree=0.022 vind=disconfirmed
   step2 CT_Abdomen       dev=False top=other         other=0.58 disagree=0.012 vind=confirmed
   step3 Ultrasound_Abdomen dev=False top=other         other=0.48 disagree=0.019 vind=disconfirmed
   step4 CT_Abdomen       dev=False top=pancreatitis  other=0.40 disagree=0.000 vind=disconfirmed
   step5 Ultrasound_Abdomen dev=False top=other         other=0.48 disagree=0.018 vind=confirmed
   step6 MRI_Abdomen      dev=True  top=other         other=0.54 disagree=0.002 vind=disconfirmed
   step7 Ultrasound_Abdomen dev=False top=other         other=0.40 disagree=0.009 vind=confirmed
== pancreatitis 21061497 (non_deviation) : 2 decision steps ==
   step1 Ultrasound_Abdomen dev=False top=pancreatitis  other=0.11 disagree=0.020 vind=disconfirmed
   step2 MRCP_Abdomen     dev=False top=pancreatitis  other=0.20 disagree=0.008 vind=disconfirmed

======================================================================
AGGREGATE (pilot questions)
======================================================================
[Q4] deviating steps        n=13  mean disagreement=0.018  mean top-consistency=0.985  mean 'other'=0.423
[Q4] non-deviating steps    n=17  mean disagreement=0.013  mean top-consistency=0.965  mean 'other'=0.433
[Q3] deviating steps with mean 'other' > 0.25 (triage net): 8/13
[Q2] vindication dist: {'confirmed': 18, 'disconfirmed': 9, 'uninformative': 3}

wrote results/annotation_experiment/summary_steps.csv  (30 decision steps)
